\BOOKMARK [1][-]{section.1}{\376\377\000P\000r\000o\000g\000e\000t\000t\000a\000z\000i\000o\000n\000e\000\040\000d\000e\000l\000\040\000s\000i\000s\000t\000e\000m\000a}{}% 1
\BOOKMARK [2][-]{subsection.1.1}{\376\377\000U\000s\000e\000r\000\040\000s\000t\000o\000r\000i\000e\000s}{section.1}% 2
\BOOKMARK [3][-]{subsubsection.1.1.1}{\376\377\000U\000S\0001\000:}{subsection.1.1}% 3
\BOOKMARK [3][-]{subsubsection.1.1.2}{\376\377\000U\000S\0002\000:}{subsection.1.1}% 4
\BOOKMARK [3][-]{subsubsection.1.1.3}{\376\377\000U\000S\0003\000:}{subsection.1.1}% 5
\BOOKMARK [3][-]{subsubsection.1.1.4}{\376\377\000U\000S\0004\000:}{subsection.1.1}% 6
\BOOKMARK [3][-]{subsubsection.1.1.5}{\376\377\000U\000S\0005\000:}{subsection.1.1}% 7
\BOOKMARK [3][-]{subsubsection.1.1.6}{\376\377\000U\000S\0006\000:}{subsection.1.1}% 8
\BOOKMARK [3][-]{subsubsection.1.1.7}{\376\377\000U\000S\0007\000:}{subsection.1.1}% 9
\BOOKMARK [3][-]{subsubsection.1.1.8}{\376\377\000U\000S\0008\000:}{subsection.1.1}% 10
\BOOKMARK [3][-]{subsubsection.1.1.9}{\376\377\000U\000S\0009\000:}{subsection.1.1}% 11
\BOOKMARK [3][-]{subsubsection.1.1.10}{\376\377\000U\000S\0001\0000\000:}{subsection.1.1}% 12
\BOOKMARK [2][-]{subsection.1.2}{\376\377\000U\000s\000e\000\040\000c\000a\000s\000e\000\040\000d\000i\000a\000g\000r\000a\000m}{section.1}% 13
\BOOKMARK [2][-]{subsection.1.3}{\376\377\000A\000c\000t\000i\000v\000i\000t\000y\000\040\000d\000i\000a\000g\000r\000a\000m\000s}{section.1}% 14
\BOOKMARK [3][-]{subsubsection.1.3.1}{\376\377\000S\000c\000e\000n\000a\000r\000i\000o\000\040\0001}{subsection.1.3}% 15
\BOOKMARK [3][-]{subsubsection.1.3.2}{\376\377\000S\000c\000e\000n\000a\000r\000i\000o\000\040\0002}{subsection.1.3}% 16
\BOOKMARK [3][-]{subsubsection.1.3.3}{\376\377\000S\000c\000e\000n\000a\000r\000i\000o\000\040\0003}{subsection.1.3}% 17
\BOOKMARK [3][-]{subsubsection.1.3.4}{\376\377\000S\000c\000e\000n\000a\000r\000i\000o\000\040\0004}{subsection.1.3}% 18
\BOOKMARK [3][-]{subsubsection.1.3.5}{\376\377\000S\000c\000e\000n\000a\000r\000i\000o\000\040\0005}{subsection.1.3}% 19
\BOOKMARK [3][-]{subsubsection.1.3.6}{\376\377\000S\000c\000e\000n\000a\000r\000i\000o\000\040\0006}{subsection.1.3}% 20
\BOOKMARK [3][-]{subsubsection.1.3.7}{\376\377\000S\000c\000e\000n\000a\000r\000i\000o\000\040\0007}{subsection.1.3}% 21
\BOOKMARK [2][-]{subsection.1.4}{\376\377\000S\000t\000a\000t\000e\000\040\000d\000i\000a\000g\000r\000a\000m}{section.1}% 22
\BOOKMARK [1][-]{section*.2}{\376\377\000E\000l\000e\000n\000c\000o\000\040\000d\000e\000l\000l\000e\000\040\000f\000i\000g\000u\000r\000e}{}% 23
